1 10 20
100 200 125
201 210 89
900 1000 174
1 999999 526
236440 367836 517
938095 136255 526
803176 843509 525
315728 853618 525
570149 240109 520
946715 44241 526
786230 564807 523
40210 646384 523
388796 901188 526
996336 695301 526
320066 973090 526
588321 827829 523
5975 922830 526
735397 830359 513
566384 675531 523
917343 152060 526
804092 184215 523
893576 400782 526
662767 813989 518
806073 368733 523
635390 400731 520
253155 273103 514
429496 718686 523
721897 51072 523
155047 695362 523
729022 531161 523
156668 780805 523
43982 551197 520
274697 285910 389
74066 48415 340
913643 518543 526
628884 681748 523
983697 903520 521
707733 167174 523
874042 658273 526
735771 366361 523
271895 300932 496
702715 868330 526
763105 273394 523
436038 470831 444
955974 278942 526
657785 637472 523
911591 585828 526
330991 667082 523
240858 471000 517
181597 865746 526
915343 848937 526
991137 861262 521
627285 265384 520
172839 528739 520
82002 183816 383
258688 573969 520
331981 992796 526
79029 280820 514
528980 207070 520
49367 500197 520
826068 222023 523
371941 904131 526
106650 31871 354
2117 828634 523
679521 457380 523
308862 436077 517
142976 501040 520
345152 364641 517
931400 14804 526
100091 622491 520
853385 68612 525
618424 689699 523
279787 159551 514
803467 476017 523
336292 10651 514
877505 188760 526
479292 736226 523
161639 937296 526
171953 977026 526
226456 990108 526
970126 391987 526
483768 58850 520
867811 325525 526
101450 322375 514
270636 456254 517
934272 551447 526
920856 267298 526
170885 154221 383
52280 89771 351
159119 962893 526
222728 674102 523
532995 789397 523
732517 201650 523
7271 427700 517
972565 529108 526
675451 976640 526
878154 448557 526
252205 546362 520
836690 931263 526
